009 (43619.000.000) 07/10 15:02:24 Job was aborted by the user.
	removed because <OtherJobRemoveRequirements = DAGManJobId =?= 43600> fired when job (43600.0) was removed
...
009 (43619.000.000) 07/10 15:02:24 Job was aborted by the user.
	removed because <OtherJobRemoveRequirements = DAGManJobId =?= 43600> fired when job (43600.0) was removed
...
009 (43619.000.000) 07/10 15:02:24 Job was aborted by the user.
	removed because <OtherJobRemoveRequirements = DAGManJobId =?= 43600> fired when job (43600.0) was removed
...
000 (43873.000.000) 07/10 15:03:05 Job submitted from host: <128.104.100.43:9618?addrs=128.104.100.43-9618+[2607-f388-107c-501-2--3]-9618&noUDP&sock=2062_28ec_69>
    DAG Node: Squares018
...
001 (43873.000.000) 07/10 15:06:43 Job executing on host: <128.104.55.77:9618?addrs=128.104.55.77-9618+[2607-f388-1086-0-21e-68ff-fe2f-2000]-9618&noUDP&sock=1207_7ae6_3>
...
006 (43873.000.000) 07/10 15:06:51 Image size of job updated: 13152
	13  -  MemoryUsage of job (MB)
	13152  -  ResidentSetSize of job (KB)
...
006 (43873.000.000) 07/10 15:07:43 Image size of job updated: 74344
	13  -  MemoryUsage of job (MB)
	13152  -  ResidentSetSize of job (KB)
...
005 (43873.000.000) 07/10 15:07:43 Job terminated.
	(1) Normal termination (return value 0)
		Usr 0 00:00:00, Sys 0 00:00:00  -  Run Remote Usage
		Usr 0 00:00:00, Sys 0 00:00:00  -  Run Local Usage
		Usr 0 00:00:00, Sys 0 00:00:00  -  Total Remote Usage
		Usr 0 00:00:00, Sys 0 00:00:00  -  Total Local Usage
	1280  -  Run Bytes Sent By Job
	2636  -  Run Bytes Received By Job
	1280  -  Total Bytes Sent By Job
	2636  -  Total Bytes Received By Job
	Partitionable Resources :    Usage  Request Allocated
	   Cpus                 :                 1         1
	   Disk (KB)            :       26        3   4139720
	   Ioheavy              :                           1
	   Memory (MB)          :       13       50        50
...
