009 (43642.000.000) 07/10 15:02:24 Job was aborted by the user.
	removed because <OtherJobRemoveRequirements = DAGManJobId =?= 43600> fired when job (43600.0) was removed
...
009 (43642.000.000) 07/10 15:02:24 Job was aborted by the user.
	removed because <OtherJobRemoveRequirements = DAGManJobId =?= 43600> fired when job (43600.0) was removed
...
000 (43898.000.000) 07/10 15:03:34 Job submitted from host: <128.104.100.43:9618?addrs=128.104.100.43-9618+[2607-f388-107c-501-2--3]-9618&noUDP&sock=2062_28ec_69>
    DAG Node: Squares041
...
001 (43898.000.000) 07/10 15:06:45 Job executing on host: <128.104.58.71:9618?addrs=128.104.58.71-9618+[2607-f388-1086-0-a6ba-dbff-fe38-fc45]-9618&noUDP&sock=1388_a18b_3>
...
006 (43898.000.000) 07/10 15:06:45 Image size of job updated: 2
	0  -  MemoryUsage of job (MB)
	0  -  ResidentSetSize of job (KB)
...
005 (43898.000.000) 07/10 15:06:45 Job terminated.
	(1) Normal termination (return value 0)
		Usr 0 00:00:00, Sys 0 00:00:00  -  Run Remote Usage
		Usr 0 00:00:00, Sys 0 00:00:00  -  Run Local Usage
		Usr 0 00:00:00, Sys 0 00:00:00  -  Total Remote Usage
		Usr 0 00:00:00, Sys 0 00:00:00  -  Total Local Usage
	1278  -  Run Bytes Sent By Job
	2636  -  Run Bytes Received By Job
	1278  -  Total Bytes Sent By Job
	2636  -  Total Bytes Received By Job
	Partitionable Resources :    Usage  Request Allocated
	   Cpus                 :                 1         1
	   Disk (KB)            :       26        3   9008269
	   Ioheavy              :                           1
	   Memory (MB)          :        0       50        50
...
