009 (43601.000.000) 07/10 15:02:24 Job was aborted by the user.
	removed because <OtherJobRemoveRequirements = DAGManJobId =?= 43600> fired when job (43600.0) was removed
...
009 (43601.000.000) 07/10 15:02:24 Job was aborted by the user.
	removed because <OtherJobRemoveRequirements = DAGManJobId =?= 43600> fired when job (43600.0) was removed
...
000 (43855.000.000) 07/10 15:02:47 Job submitted from host: <128.104.100.43:9618?addrs=128.104.100.43-9618+[2607-f388-107c-501-2--3]-9618&noUDP&sock=2062_28ec_69>
    DAG Node: Squares000
...
001 (43855.000.000) 07/10 15:06:46 Job executing on host: <128.105.245.104:9618?addrs=128.105.245.104-9618&noUDP&sock=37789_b077_3>
...
006 (43855.000.000) 07/10 15:06:55 Image size of job updated: 13156
	13  -  MemoryUsage of job (MB)
	13148  -  ResidentSetSize of job (KB)
...
006 (43855.000.000) 07/10 15:07:47 Image size of job updated: 74344
	13  -  MemoryUsage of job (MB)
	13148  -  ResidentSetSize of job (KB)
...
005 (43855.000.000) 07/10 15:07:47 Job terminated.
	(1) Normal termination (return value 0)
		Usr 0 00:00:00, Sys 0 00:00:00  -  Run Remote Usage
		Usr 0 00:00:00, Sys 0 00:00:00  -  Run Local Usage
		Usr 0 00:00:00, Sys 0 00:00:00  -  Total Remote Usage
		Usr 0 00:00:00, Sys 0 00:00:00  -  Total Local Usage
	1278  -  Run Bytes Sent By Job
	2636  -  Run Bytes Received By Job
	1278  -  Total Bytes Sent By Job
	2636  -  Total Bytes Received By Job
	Partitionable Resources :    Usage  Request Allocated
	   Cpus                 :                 1         1
	   Disk (KB)            :       26        3   2045574
	   Ioheavy              :                           1
	   Memory (MB)          :       13       50        50
...
