000 (43246.092.000) 07/10 10:02:49 Job submitted from host: <128.104.100.43:9618?addrs=128.104.100.43-9618+[2607-f388-107c-501-2--3]-9618&noUDP&sock=2062_28ec_69>
...
001 (43246.092.000) 07/10 10:04:28 Job executing on host: <128.105.245.178:9618?addrs=128.105.245.178-9618&noUDP&sock=5426_5cf8_29>
...
006 (43246.092.000) 07/10 10:04:37 Image size of job updated: 536
	1  -  MemoryUsage of job (MB)
	536  -  ResidentSetSize of job (KB)
...
006 (43246.092.000) 07/10 10:04:41 Image size of job updated: 3040
	1  -  MemoryUsage of job (MB)
	536  -  ResidentSetSize of job (KB)
...
005 (43246.092.000) 07/10 10:04:41 Job terminated.
	(1) Normal termination (return value 0)
		Usr 0 00:00:00, Sys 0 00:00:00  -  Run Remote Usage
		Usr 0 00:00:00, Sys 0 00:00:00  -  Run Local Usage
		Usr 0 00:00:00, Sys 0 00:00:00  -  Total Remote Usage
		Usr 0 00:00:00, Sys 0 00:00:00  -  Total Local Usage
	18  -  Run Bytes Sent By Job
	26930464  -  Run Bytes Received By Job
	18  -  Total Bytes Sent By Job
	26930464  -  Total Bytes Received By Job
	Partitionable Resources :    Usage  Request Allocated
	   Cpus                 :                 1         1
	   Disk (KB)            :    62737    27500   1586111
	   Ioheavy              :                           1
	   Memory (MB)          :        1       64        64
...
