000 (49806.000.000) 07/11 10:25:51 Job submitted from host: <128.104.100.43:9618?addrs=128.104.100.43-9618+[2607-f388-107c-501-2--3]-9618&noUDP&sock=2062_28ec_69>
...
001 (49806.000.000) 07/11 10:27:38 Job executing on host: <128.105.245.161:9618?addrs=128.105.245.161-9618&noUDP&sock=5440_f74b_44>
...
006 (49806.000.000) 07/11 10:27:48 Image size of job updated: 484
	1  -  MemoryUsage of job (MB)
	484  -  ResidentSetSize of job (KB)
...
006 (49806.000.000) 07/11 10:29:59 Image size of job updated: 77292
	1  -  MemoryUsage of job (MB)
	484  -  ResidentSetSize of job (KB)
...
005 (49806.000.000) 07/11 10:29:59 Job terminated.
	(1) Normal termination (return value 0)
		Usr 0 00:00:21, Sys 0 00:00:05  -  Run Remote Usage
		Usr 0 00:00:00, Sys 0 00:00:00  -  Run Local Usage
		Usr 0 00:00:21, Sys 0 00:00:05  -  Total Remote Usage
		Usr 0 00:00:00, Sys 0 00:00:00  -  Total Local Usage
	417  -  Run Bytes Sent By Job
	744497152  -  Run Bytes Received By Job
	417  -  Total Bytes Sent By Job
	744497152  -  Total Bytes Received By Job
	Partitionable Resources :    Usage  Request Allocated
	   Cpus                 :                 1         1
	   Disk (KB)            :  2668600  2097152   3519865
	   Ioheavy              :                           1
	   Memory (MB)          :        1     2048      2048
...
