000 (49751.000.000) 07/11 09:56:32 Job submitted from host: <128.104.100.43:9618?addrs=128.104.100.43-9618+[2607-f388-107c-501-2--3]-9618&noUDP&sock=2062_28ec_69>
...
001 (49751.000.000) 07/11 09:57:13 Job executing on host: <128.104.55.226:9618?addrs=128.104.55.226-9618+[2607-f388-1086-0-225-90ff-fe35-9676]-9618&noUDP&sock=4477_f00f_3>
...
006 (49751.000.000) 07/11 09:57:21 Image size of job updated: 1452
	2  -  MemoryUsage of job (MB)
	1332  -  ResidentSetSize of job (KB)
...
006 (49751.000.000) 07/11 10:02:22 Image size of job updated: 1484
	2  -  MemoryUsage of job (MB)
	1340  -  ResidentSetSize of job (KB)
...
006 (49751.000.000) 07/11 10:03:47 Image size of job updated: 1484
	2  -  MemoryUsage of job (MB)
	1620  -  ResidentSetSize of job (KB)
...
005 (49751.000.000) 07/11 10:03:47 Job terminated.
	(1) Normal termination (return value 0)
		Usr 0 00:00:02, Sys 0 00:00:01  -  Run Remote Usage
		Usr 0 00:00:00, Sys 0 00:00:00  -  Run Local Usage
		Usr 0 00:00:02, Sys 0 00:00:01  -  Total Remote Usage
		Usr 0 00:00:00, Sys 0 00:00:00  -  Total Local Usage
	0  -  Run Bytes Sent By Job
	3066528  -  Run Bytes Received By Job
	0  -  Total Bytes Sent By Job
	3066528  -  Total Bytes Received By Job
	Partitionable Resources :    Usage  Request Allocated
	   Cpus                 :                 1         1
	   Disk (KB)            :    17686  2097152  38163018
	   Memory (MB)          :        2     2048      2048
...
