000 (41127.000.000) 07/09 11:49:10 Job submitted from host: <128.104.100.43:9618?addrs=128.104.100.43-9618+[2607-f388-107c-501-2--3]-9618&noUDP&sock=2062_28ec_69>
...
000 (41127.001.000) 07/09 11:49:10 Job submitted from host: <128.104.100.43:9618?addrs=128.104.100.43-9618+[2607-f388-107c-501-2--3]-9618&noUDP&sock=2062_28ec_69>
...
000 (41127.002.000) 07/09 11:49:10 Job submitted from host: <128.104.100.43:9618?addrs=128.104.100.43-9618+[2607-f388-107c-501-2--3]-9618&noUDP&sock=2062_28ec_69>
...
001 (41127.001.000) 07/09 11:50:55 Job executing on host: <128.104.101.110:9618?addrs=128.104.101.110-9618+[2607-f388-107c-501-92b1-1cff-fe0d-cfb5]-9618&noUDP&sock=6090_cfda_3>
...
006 (41127.001.000) 07/09 11:50:56 Image size of job updated: 750
	0  -  MemoryUsage of job (MB)
	0  -  ResidentSetSize of job (KB)
...
005 (41127.001.000) 07/09 11:50:56 Job terminated.
	(1) Normal termination (return value 0)
		Usr 0 00:00:00, Sys 0 00:00:00  -  Run Remote Usage
		Usr 0 00:00:00, Sys 0 00:00:00  -  Run Local Usage
		Usr 0 00:00:00, Sys 0 00:00:00  -  Total Remote Usage
		Usr 0 00:00:00, Sys 0 00:00:00  -  Total Local Usage
	49  -  Run Bytes Sent By Job
	762802  -  Run Bytes Received By Job
	49  -  Total Bytes Sent By Job
	762802  -  Total Bytes Received By Job
	Partitionable Resources :    Usage  Request Allocated
	   Cpus                 :                 1         1
	   Disk (KB)            :      759        1 174351912
	   Ioheavy              :                           1
	   Memory (MB)          :        0        1         1
...
001 (41127.002.000) 07/09 11:50:56 Job executing on host: <128.105.245.150:9618?addrs=128.105.245.150-9618&noUDP&sock=5248_451c_49>
...
001 (41127.000.000) 07/09 11:50:56 Job executing on host: <128.105.245.78:9618?addrs=128.105.245.78-9618&noUDP&sock=26603_0613_3>
...
006 (41127.002.000) 07/09 11:50:56 Image size of job updated: 750
	0  -  MemoryUsage of job (MB)
	0  -  ResidentSetSize of job (KB)
...
005 (41127.002.000) 07/09 11:50:56 Job terminated.
	(1) Normal termination (return value 0)
		Usr 0 00:00:00, Sys 0 00:00:00  -  Run Remote Usage
		Usr 0 00:00:00, Sys 0 00:00:00  -  Run Local Usage
		Usr 0 00:00:00, Sys 0 00:00:00  -  Total Remote Usage
		Usr 0 00:00:00, Sys 0 00:00:00  -  Total Local Usage
	49  -  Run Bytes Sent By Job
	762802  -  Run Bytes Received By Job
	49  -  Total Bytes Sent By Job
	762802  -  Total Bytes Received By Job
	Partitionable Resources :    Usage  Request Allocated
	   Cpus                 :                 1         1
	   Disk (KB)            :      768        1   3255744
	   Ioheavy              :                           1
	   Memory (MB)          :        0        1         1
...
006 (41127.000.000) 07/09 11:50:56 Image size of job updated: 750
	0  -  MemoryUsage of job (MB)
	0  -  ResidentSetSize of job (KB)
...
005 (41127.000.000) 07/09 11:50:56 Job terminated.
	(1) Normal termination (return value 0)
		Usr 0 00:00:00, Sys 0 00:00:00  -  Run Remote Usage
		Usr 0 00:00:00, Sys 0 00:00:00  -  Run Local Usage
		Usr 0 00:00:00, Sys 0 00:00:00  -  Total Remote Usage
		Usr 0 00:00:00, Sys 0 00:00:00  -  Total Local Usage
	49  -  Run Bytes Sent By Job
	762802  -  Run Bytes Received By Job
	49  -  Total Bytes Sent By Job
	762802  -  Total Bytes Received By Job
	Partitionable Resources :    Usage  Request Allocated
	   Cpus                 :                 1         1
	   Disk (KB)            :      759        1   2999366
	   Ioheavy              :                           1
	   Memory (MB)          :        0        1         1
...
000 (41159.000.000) 07/09 11:52:43 Job submitted from host: <128.104.100.43:9618?addrs=128.104.100.43-9618+[2607-f388-107c-501-2--3]-9618&noUDP&sock=2062_28ec_69>
...
000 (41159.001.000) 07/09 11:52:43 Job submitted from host: <128.104.100.43:9618?addrs=128.104.100.43-9618+[2607-f388-107c-501-2--3]-9618&noUDP&sock=2062_28ec_69>
...
000 (41159.002.000) 07/09 11:52:43 Job submitted from host: <128.104.100.43:9618?addrs=128.104.100.43-9618+[2607-f388-107c-501-2--3]-9618&noUDP&sock=2062_28ec_69>
...
001 (41159.000.000) 07/09 11:54:18 Job executing on host: <128.104.101.26:9618?addrs=128.104.101.26-9618+[2607-f388-107c-501-a6ba-dbff-fe38-fc87]-9618&noUDP&sock=4774_2538_3>
...
001 (41159.001.000) 07/09 11:54:19 Job executing on host: <128.104.58.15:9618?addrs=128.104.58.15-9618+[2607-f388-1086-0-a6ba-dbff-fe38-e7e2]-9618&noUDP&sock=31681_fc9d_3>
...
006 (41159.000.000) 07/09 11:54:19 Image size of job updated: 750
	0  -  MemoryUsage of job (MB)
	0  -  ResidentSetSize of job (KB)
...
001 (41159.002.000) 07/09 11:54:19 Job executing on host: <128.105.245.150:9618?addrs=128.105.245.150-9618&noUDP&sock=5248_451c_49>
...
005 (41159.000.000) 07/09 11:54:19 Job terminated.
	(1) Normal termination (return value 0)
		Usr 0 00:00:00, Sys 0 00:00:00  -  Run Remote Usage
		Usr 0 00:00:00, Sys 0 00:00:00  -  Run Local Usage
		Usr 0 00:00:00, Sys 0 00:00:00  -  Total Remote Usage
		Usr 0 00:00:00, Sys 0 00:00:00  -  Total Local Usage
	49  -  Run Bytes Sent By Job
	762802  -  Run Bytes Received By Job
	49  -  Total Bytes Sent By Job
	762802  -  Total Bytes Received By Job
	Partitionable Resources :    Usage  Request Allocated
	   Cpus                 :                 1         1
	   Disk (KB)            :      759        1  10443929
	   Ioheavy              :                           1
	   Memory (MB)          :        0        1         1
...
006 (41159.001.000) 07/09 11:54:19 Image size of job updated: 750
	0  -  MemoryUsage of job (MB)
	0  -  ResidentSetSize of job (KB)
...
005 (41159.001.000) 07/09 11:54:19 Job terminated.
	(1) Normal termination (return value 0)
		Usr 0 00:00:00, Sys 0 00:00:00  -  Run Remote Usage
		Usr 0 00:00:00, Sys 0 00:00:00  -  Run Local Usage
		Usr 0 00:00:00, Sys 0 00:00:00  -  Total Remote Usage
		Usr 0 00:00:00, Sys 0 00:00:00  -  Total Local Usage
	49  -  Run Bytes Sent By Job
	762802  -  Run Bytes Received By Job
	49  -  Total Bytes Sent By Job
	762802  -  Total Bytes Received By Job
	Partitionable Resources :    Usage  Request Allocated
	   Cpus                 :                 1         1
	   Disk (KB)            :      758        1   8906032
	   Memory (MB)          :        0        1         1
...
006 (41159.002.000) 07/09 11:54:19 Image size of job updated: 750
	0  -  MemoryUsage of job (MB)
	0  -  ResidentSetSize of job (KB)
...
005 (41159.002.000) 07/09 11:54:19 Job terminated.
	(1) Normal termination (return value 0)
		Usr 0 00:00:00, Sys 0 00:00:00  -  Run Remote Usage
		Usr 0 00:00:00, Sys 0 00:00:00  -  Run Local Usage
		Usr 0 00:00:00, Sys 0 00:00:00  -  Total Remote Usage
		Usr 0 00:00:00, Sys 0 00:00:00  -  Total Local Usage
	49  -  Run Bytes Sent By Job
	762802  -  Run Bytes Received By Job
	49  -  Total Bytes Sent By Job
	762802  -  Total Bytes Received By Job
	Partitionable Resources :    Usage  Request Allocated
	   Cpus                 :                 1         1
	   Disk (KB)            :      759        1   3256347
	   Ioheavy              :                           1
	   Memory (MB)          :        0        1         1
...
000 (41475.000.000) 07/09 13:49:28 Job submitted from host: <128.104.100.43:9618?addrs=128.104.100.43-9618+[2607-f388-107c-501-2--3]-9618&noUDP&sock=2062_28ec_69>
...
000 (41475.001.000) 07/09 13:49:28 Job submitted from host: <128.104.100.43:9618?addrs=128.104.100.43-9618+[2607-f388-107c-501-2--3]-9618&noUDP&sock=2062_28ec_69>
...
000 (41475.002.000) 07/09 13:49:28 Job submitted from host: <128.104.100.43:9618?addrs=128.104.100.43-9618+[2607-f388-107c-501-2--3]-9618&noUDP&sock=2062_28ec_69>
...
001 (41475.000.000) 07/09 13:50:06 Job executing on host: <128.104.58.93:9618?addrs=128.104.58.93-9618+[2607-f388-1086-0-a6ba-dbff-fe38-e571]-9618&noUDP&sock=4526_0f71_3>
...
001 (41475.002.000) 07/09 13:50:06 Job executing on host: <128.104.58.26:9618?addrs=128.104.58.26-9618+[2607-f388-1086-0-a6ba-dbff-fe38-fc2d]-9618&noUDP&sock=1390_00bb_3>
...
001 (41475.001.000) 07/09 13:50:07 Job executing on host: <128.105.245.146:9618?addrs=128.105.245.146-9618&noUDP&sock=34081_4f4b_3>
...
006 (41475.002.000) 07/09 13:50:15 Image size of job updated: 88
	1  -  MemoryUsage of job (MB)
	88  -  ResidentSetSize of job (KB)
...
006 (41475.001.000) 07/09 13:50:15 Image size of job updated: 88
	1  -  MemoryUsage of job (MB)
	88  -  ResidentSetSize of job (KB)
...
006 (41475.000.000) 07/09 13:50:15 Image size of job updated: 72
	1  -  MemoryUsage of job (MB)
	72  -  ResidentSetSize of job (KB)
...
005 (41475.000.000) 07/09 13:53:07 Job terminated.
	(1) Normal termination (return value 0)
		Usr 0 00:00:00, Sys 0 00:00:00  -  Run Remote Usage
		Usr 0 00:00:00, Sys 0 00:00:00  -  Run Local Usage
		Usr 0 00:00:00, Sys 0 00:00:00  -  Total Remote Usage
		Usr 0 00:00:00, Sys 0 00:00:00  -  Total Local Usage
	0  -  Run Bytes Sent By Job
	0  -  Run Bytes Received By Job
	0  -  Total Bytes Sent By Job
	0  -  Total Bytes Received By Job
	Partitionable Resources :    Usage  Request Allocated
	   Cpus                 :                 1         1
	   Disk (KB)            :       30        1  15339956
	   Ioheavy              :                           1
	   Memory (MB)          :        1        1         1
...
005 (41475.002.000) 07/09 13:53:08 Job terminated.
	(1) Normal termination (return value 0)
		Usr 0 00:00:00, Sys 0 00:00:00  -  Run Remote Usage
		Usr 0 00:00:00, Sys 0 00:00:00  -  Run Local Usage
		Usr 0 00:00:00, Sys 0 00:00:00  -  Total Remote Usage
		Usr 0 00:00:00, Sys 0 00:00:00  -  Total Local Usage
	0  -  Run Bytes Sent By Job
	0  -  Run Bytes Received By Job
	0  -  Total Bytes Sent By Job
	0  -  Total Bytes Received By Job
	Partitionable Resources :    Usage  Request Allocated
	   Cpus                 :                 1         1
	   Disk (KB)            :       30        1   8980569
	   Ioheavy              :                           1
	   Memory (MB)          :        1        1         1
...
005 (41475.001.000) 07/09 13:53:08 Job terminated.
	(1) Normal termination (return value 0)
		Usr 0 00:00:00, Sys 0 00:00:00  -  Run Remote Usage
		Usr 0 00:00:00, Sys 0 00:00:00  -  Run Local Usage
		Usr 0 00:00:00, Sys 0 00:00:00  -  Total Remote Usage
		Usr 0 00:00:00, Sys 0 00:00:00  -  Total Local Usage
	0  -  Run Bytes Sent By Job
	0  -  Run Bytes Received By Job
	0  -  Total Bytes Sent By Job
	0  -  Total Bytes Received By Job
	Partitionable Resources :    Usage  Request Allocated
	   Cpus                 :                 1         1
	   Disk (KB)            :       30        1   2872272
	   Ioheavy              :                           1
	   Memory (MB)          :        1        1         1
...
